<?xml version="1.0" encoding="UTF-8" ?>
<testsuite failures="0" time="0.07" errors="0" skipped="0" tests="2" name="mlab.tesis.java.gpx.data.TrackSegmentTest">
  <properties>
    <property name="java.runtime.name" value="Java(TM) SE Runtime Environment"/>
    <property name="sun.boot.library.path" value="/usr/lib/jvm/jdk1.6.0_37/jre/lib/amd64"/>
    <property name="java.vm.version" value="20.12-b01"/>
    <property name="java.vm.vendor" value="Sun Microsystems Inc."/>
    <property name="java.vendor.url" value="http://java.sun.com/"/>
    <property name="path.separator" value=":"/>
    <property name="java.vm.name" value="Java HotSpot(TM) 64-Bit Server VM"/>
    <property name="file.encoding.pkg" value="sun.io"/>
    <property name="user.country" value="ES"/>
    <property name="sun.java.launcher" value="SUN_STANDARD"/>
    <property name="sun.os.patch.level" value="unknown"/>
    <property name="java.vm.specification.name" value="Java Virtual Machine Specification"/>
    <property name="user.dir" value="/home/shiguera/workspace-old/tesis/GpxParser"/>
    <property name="java.runtime.version" value="1.6.0_37-b06"/>
    <property name="java.awt.graphicsenv" value="sun.awt.X11GraphicsEnvironment"/>
    <property name="basedir" value="/home/shiguera/workspace-old/tesis/GpxParser"/>
    <property name="java.endorsed.dirs" value="/usr/lib/jvm/jdk1.6.0_37/jre/lib/endorsed"/>
    <property name="os.arch" value="amd64"/>
    <property name="surefire.real.class.path" value="/home/shiguera/workspace-old/tesis/GpxParser/target/surefire/surefirebooter8315347108219492525.jar"/>
    <property name="java.io.tmpdir" value="/tmp"/>
    <property name="line.separator" value="
"/>
    <property name="java.vm.specification.vendor" value="Sun Microsystems Inc."/>
    <property name="os.name" value="Linux"/>
    <property name="sun.jnu.encoding" value="UTF-8"/>
    <property name="java.library.path" value="/usr/lib/jvm/jdk1.6.0_37/jre/lib/amd64/server:/usr/lib/jvm/jdk1.6.0_37/jre/lib/amd64:/usr/lib/jvm/jdk1.6.0_37/jre/../lib/amd64:/usr/java/packages/lib/amd64:/usr/lib64:/lib64:/lib:/usr/lib"/>
    <property name="surefire.test.class.path" value="/home/shiguera/workspace-old/tesis/GpxParser/target/test-classes:/home/shiguera/workspace-old/tesis/GpxParser/target/classes:/home/shiguera/.m2/repository/junit/junit/3.8.1/junit-3.8.1.jar:/home/shiguera/.m2/repository/org/slf4j/slf4j-simple/1.6.0/slf4j-simple-1.6.0.jar:/home/shiguera/.m2/repository/org/slf4j/slf4j-api/1.6.0/slf4j-api-1.6.0.jar:"/>
    <property name="java.specification.name" value="Java Platform API Specification"/>
    <property name="java.class.version" value="50.0"/>
    <property name="sun.management.compiler" value="HotSpot 64-Bit Tiered Compilers"/>
    <property name="os.version" value="3.5.0-19-generic"/>
    <property name="user.home" value="/home/shiguera"/>
    <property name="user.timezone" value="Europe/Madrid"/>
    <property name="java.awt.printerjob" value="sun.print.PSPrinterJob"/>
    <property name="file.encoding" value="UTF-8"/>
    <property name="java.specification.version" value="1.6"/>
    <property name="user.name" value="shiguera"/>
    <property name="java.class.path" value="/home/shiguera/workspace-old/tesis/GpxParser/target/test-classes:/home/shiguera/workspace-old/tesis/GpxParser/target/classes:/home/shiguera/.m2/repository/junit/junit/3.8.1/junit-3.8.1.jar:/home/shiguera/.m2/repository/org/slf4j/slf4j-simple/1.6.0/slf4j-simple-1.6.0.jar:/home/shiguera/.m2/repository/org/slf4j/slf4j-api/1.6.0/slf4j-api-1.6.0.jar:"/>
    <property name="java.vm.specification.version" value="1.0"/>
    <property name="sun.arch.data.model" value="64"/>
    <property name="java.home" value="/usr/lib/jvm/jdk1.6.0_37/jre"/>
    <property name="sun.java.command" value="/home/shiguera/workspace-old/tesis/GpxParser/target/surefire/surefirebooter8315347108219492525.jar /home/shiguera/workspace-old/tesis/GpxParser/target/surefire/surefire4107727000504461777tmp /home/shiguera/workspace-old/tesis/GpxParser/target/surefire/surefire4511480000067754554tmp"/>
    <property name="java.specification.vendor" value="Sun Microsystems Inc."/>
    <property name="user.language" value="es"/>
    <property name="java.vm.info" value="mixed mode"/>
    <property name="java.version" value="1.6.0_37"/>
    <property name="java.ext.dirs" value="/usr/lib/jvm/jdk1.6.0_37/jre/lib/ext:/usr/java/packages/lib/ext"/>
    <property name="sun.boot.class.path" value="/usr/lib/jvm/jdk1.6.0_37/jre/lib/resources.jar:/usr/lib/jvm/jdk1.6.0_37/jre/lib/rt.jar:/usr/lib/jvm/jdk1.6.0_37/jre/lib/sunrsasign.jar:/usr/lib/jvm/jdk1.6.0_37/jre/lib/jsse.jar:/usr/lib/jvm/jdk1.6.0_37/jre/lib/jce.jar:/usr/lib/jvm/jdk1.6.0_37/jre/lib/charsets.jar:/usr/lib/jvm/jdk1.6.0_37/jre/lib/modules/jdk.boot.jar:/usr/lib/jvm/jdk1.6.0_37/jre/classes"/>
    <property name="java.vendor" value="Sun Microsystems Inc."/>
    <property name="localRepository" value="/home/shiguera/.m2/repository"/>
    <property name="file.separator" value="/"/>
    <property name="java.vendor.url.bug" value="http://java.sun.com/cgi-bin/bugreport.cgi"/>
    <property name="sun.cpu.endian" value="little"/>
    <property name="sun.io.unicode.encoding" value="UnicodeLittle"/>
    <property name="sun.desktop" value="gnome"/>
    <property name="sun.cpu.isalist" value=""/>
  </properties>
  <testcase time="0.004" classname="mlab.tesis.java.gpx.data.TrackSegmentTest" name="test"/>
  <testcase time="0.065" classname="mlab.tesis.java.gpx.data.TrackSegmentTest" name="testParseGpx"/>
</testsuite>